0 info it worked if it ends with ok
1 verbose cli [ '/usr/bin/nodejs', '/usr/bin/npm', 'install' ]
2 info using npm@2.14.12
3 info using node@v4.3.2
4 verbose readDependencies loading dependencies from /home/mohamed/slickr/slickr-web-app/package.json
5 warn package.json development@1.0.0 No repository field.
6 warn package.json Dependency 'gulp' exists in both dependencies and devDependencies, using 'gulp@^3.9.0' from dependencies
7 verbose install where, deps [ '/home/mohamed/slickr/slickr-web-app',
7 verbose install   [ 'angular',
7 verbose install     'bootstrap',
7 verbose install     'bower',
7 verbose install     'gulp',
7 verbose install     'gulp-cssnano',
7 verbose install     'gulp-open',
7 verbose install     'browser-sync',
7 verbose install     'gulp-cache',
7 verbose install     'gulp-if',
7 verbose install     'gulp-imagemin',
7 verbose install     'gulp-sass',
7 verbose install     'gulp-uglify',
7 verbose install     'gulp-useref',
7 verbose install     'FortAwesome/Font-Awesome' ] ]
8 verbose install where, peers [ '/home/mohamed/slickr/slickr-web-app', [] ]
9 verbose installManyTop reading for lifecycle /home/mohamed/slickr/slickr-web-app/package.json
10 info preinstall development@1.0.0
11 verbose installManyTop reading scoped package data from /home/mohamed/slickr/slickr-web-app/node_modules/angular/package.json
12 verbose installManyTop reading scoped package data from /home/mohamed/slickr/slickr-web-app/node_modules/bootstrap/package.json
13 verbose installManyTop reading scoped package data from /home/mohamed/slickr/slickr-web-app/node_modules/bower/package.json
14 verbose installManyTop reading scoped package data from /home/mohamed/slickr/slickr-web-app/node_modules/browser-sync/package.json
15 verbose installManyTop reading scoped package data from /home/mohamed/slickr/slickr-web-app/node_modules/coveralls/package.json
16 verbose installManyTop reading scoped package data from /home/mohamed/slickr/slickr-web-app/node_modules/event-stream/package.json
17 verbose installManyTop reading scoped package data from /home/mohamed/slickr/slickr-web-app/node_modules/gulp/package.json
18 verbose installManyTop reading scoped package data from /home/mohamed/slickr/slickr-web-app/node_modules/gulp-autoprefixer/package.json
19 verbose installManyTop reading scoped package data from /home/mohamed/slickr/slickr-web-app/node_modules/gulp-browserify/package.json
20 verbose installManyTop reading scoped package data from /home/mohamed/slickr/slickr-web-app/node_modules/gulp-cache/package.json
21 verbose installManyTop reading scoped package data from /home/mohamed/slickr/slickr-web-app/node_modules/gulp-clean/package.json
22 verbose installManyTop reading scoped package data from /home/mohamed/slickr/slickr-web-app/node_modules/gulp-coffee/package.json
23 verbose installManyTop reading scoped package data from /home/mohamed/slickr/slickr-web-app/node_modules/gulp-connect/package.json
24 verbose installManyTop reading scoped package data from /home/mohamed/slickr/slickr-web-app/node_modules/gulp-cssnano/package.json
25 verbose installManyTop reading scoped package data from /home/mohamed/slickr/slickr-web-app/node_modules/gulp-if/package.json
26 verbose installManyTop reading scoped package data from /home/mohamed/slickr/slickr-web-app/node_modules/gulp-imagemin/package.json
27 verbose installManyTop reading scoped package data from /home/mohamed/slickr/slickr-web-app/node_modules/gulp-jshint/package.json
28 verbose installManyTop reading scoped package data from /home/mohamed/slickr/slickr-web-app/node_modules/gulp-livereload/package.json
29 verbose installManyTop reading scoped package data from /home/mohamed/slickr/slickr-web-app/node_modules/gulp-minify-css/package.json
30 verbose installManyTop reading scoped package data from /home/mohamed/slickr/slickr-web-app/node_modules/gulp-open/package.json
31 verbose installManyTop reading scoped package data from /home/mohamed/slickr/slickr-web-app/node_modules/gulp-rename/package.json
32 verbose installManyTop reading scoped package data from /home/mohamed/slickr/slickr-web-app/node_modules/gulp-sass/package.json
33 verbose installManyTop reading scoped package data from /home/mohamed/slickr/slickr-web-app/node_modules/gulp-uglify/package.json
34 verbose installManyTop reading scoped package data from /home/mohamed/slickr/slickr-web-app/node_modules/gulp-usemin/package.json
35 verbose installManyTop reading scoped package data from /home/mohamed/slickr/slickr-web-app/node_modules/gulp-useref/package.json
36 verbose installManyTop reading scoped package data from /home/mohamed/slickr/slickr-web-app/node_modules/gulp-util/package.json
37 verbose installManyTop reading scoped package data from /home/mohamed/slickr/slickr-web-app/node_modules/istanbul/package.json
38 verbose installManyTop reading scoped package data from /home/mohamed/slickr/slickr-web-app/node_modules/jquery.scrollto/package.json
39 verbose installManyTop reading scoped package data from /home/mohamed/slickr/slickr-web-app/node_modules/mocha/package.json
40 verbose installManyTop reading scoped package data from /home/mohamed/slickr/slickr-web-app/node_modules/mocha-lcov-reporter/package.json
41 verbose installManyTop reading scoped package data from /home/mohamed/slickr/slickr-web-app/node_modules/scrollmagic/package.json
42 info package.json event-stream@3.1.7 No license field.
43 info package.json gulp-clean@0.2.4 No license field.
44 info package.json gulp-coffee@1.4.3 No license field.
45 info package.json gulp-jshint@1.4.2 No license field.
46 info package.json gulp-rename@1.1.0 No license field.
47 info package.json gulp-util@2.2.20 No license field.
48 info package.json gulp-minify-css@0.3.13 No license field.
49 info package.json coveralls@2.8.0 license should be a valid SPDX license expression
50 info package.json istanbul@0.2.16 No license field.
51 info package.json mocha-lcov-reporter@0.0.1 No license field.
52 info package.json mocha@1.17.1 No license field.
53 info package.json scrollmagic@2.0.5 No license field.
54 verbose readDependencies loading dependencies from /home/mohamed/slickr/slickr-web-app/package.json
55 verbose targetResolver reading package data from /home/mohamed/slickr/slickr-web-app/node_modules/angular/package.json
56 verbose targetResolver reading package data from /home/mohamed/slickr/slickr-web-app/node_modules/bootstrap/package.json
57 verbose targetResolver reading package data from /home/mohamed/slickr/slickr-web-app/node_modules/bower/package.json
58 verbose targetResolver reading package data from /home/mohamed/slickr/slickr-web-app/node_modules/browser-sync/package.json
59 verbose targetResolver reading package data from /home/mohamed/slickr/slickr-web-app/node_modules/coveralls/package.json
60 verbose targetResolver reading package data from /home/mohamed/slickr/slickr-web-app/node_modules/event-stream/package.json
61 verbose targetResolver reading package data from /home/mohamed/slickr/slickr-web-app/node_modules/gulp/package.json
62 verbose targetResolver reading package data from /home/mohamed/slickr/slickr-web-app/node_modules/gulp-autoprefixer/package.json
63 verbose targetResolver reading package data from /home/mohamed/slickr/slickr-web-app/node_modules/gulp-browserify/package.json
64 verbose targetResolver reading package data from /home/mohamed/slickr/slickr-web-app/node_modules/gulp-cache/package.json
65 verbose targetResolver reading package data from /home/mohamed/slickr/slickr-web-app/node_modules/gulp-clean/package.json
66 verbose targetResolver reading package data from /home/mohamed/slickr/slickr-web-app/node_modules/gulp-coffee/package.json
67 verbose targetResolver reading package data from /home/mohamed/slickr/slickr-web-app/node_modules/gulp-connect/package.json
68 verbose targetResolver reading package data from /home/mohamed/slickr/slickr-web-app/node_modules/gulp-cssnano/package.json
69 verbose targetResolver reading package data from /home/mohamed/slickr/slickr-web-app/node_modules/gulp-if/package.json
70 verbose targetResolver reading package data from /home/mohamed/slickr/slickr-web-app/node_modules/gulp-imagemin/package.json
71 verbose targetResolver reading package data from /home/mohamed/slickr/slickr-web-app/node_modules/gulp-jshint/package.json
72 verbose targetResolver reading package data from /home/mohamed/slickr/slickr-web-app/node_modules/gulp-livereload/package.json
73 verbose targetResolver reading package data from /home/mohamed/slickr/slickr-web-app/node_modules/gulp-minify-css/package.json
74 verbose targetResolver reading package data from /home/mohamed/slickr/slickr-web-app/node_modules/gulp-open/package.json
75 verbose targetResolver reading package data from /home/mohamed/slickr/slickr-web-app/node_modules/gulp-rename/package.json
76 verbose targetResolver reading package data from /home/mohamed/slickr/slickr-web-app/node_modules/gulp-sass/package.json
77 verbose targetResolver reading package data from /home/mohamed/slickr/slickr-web-app/node_modules/gulp-uglify/package.json
78 verbose targetResolver reading package data from /home/mohamed/slickr/slickr-web-app/node_modules/gulp-usemin/package.json
79 verbose targetResolver reading package data from /home/mohamed/slickr/slickr-web-app/node_modules/gulp-useref/package.json
80 verbose targetResolver reading package data from /home/mohamed/slickr/slickr-web-app/node_modules/gulp-util/package.json
81 verbose targetResolver reading package data from /home/mohamed/slickr/slickr-web-app/node_modules/istanbul/package.json
82 verbose targetResolver reading package data from /home/mohamed/slickr/slickr-web-app/node_modules/jquery.scrollto/package.json
83 verbose targetResolver reading package data from /home/mohamed/slickr/slickr-web-app/node_modules/mocha/package.json
84 verbose targetResolver reading package data from /home/mohamed/slickr/slickr-web-app/node_modules/mocha-lcov-reporter/package.json
85 verbose targetResolver reading package data from /home/mohamed/slickr/slickr-web-app/node_modules/scrollmagic/package.json
86 verbose targetResolver reading package data from /home/mohamed/slickr/slickr-web-app/node_modules/.bin/bower/package.json
87 verbose targetResolver reading package data from /home/mohamed/slickr/slickr-web-app/node_modules/.bin/browser-sync/package.json
88 verbose targetResolver reading package data from /home/mohamed/slickr/slickr-web-app/node_modules/.bin/coveralls/package.json
89 verbose targetResolver reading package data from /home/mohamed/slickr/slickr-web-app/node_modules/.bin/gulp/package.json
90 verbose targetResolver reading package data from /home/mohamed/slickr/slickr-web-app/node_modules/.bin/istanbul/package.json
91 verbose targetResolver reading package data from /home/mohamed/slickr/slickr-web-app/node_modules/.bin/mocha/package.json
92 verbose already installed skipping angular@^1.5.0 /home/mohamed/slickr/slickr-web-app
93 verbose already installed skipping bootstrap@^3.3.6 /home/mohamed/slickr/slickr-web-app
94 verbose already installed skipping bower@^1.7.7 /home/mohamed/slickr/slickr-web-app
95 verbose already installed skipping gulp@^3.9.0 /home/mohamed/slickr/slickr-web-app
96 verbose already installed skipping gulp-cssnano@^2.1.1 /home/mohamed/slickr/slickr-web-app
97 verbose already installed skipping gulp-open@^1.0.0 /home/mohamed/slickr/slickr-web-app
98 verbose already installed skipping browser-sync@^2.11.1 /home/mohamed/slickr/slickr-web-app
99 verbose already installed skipping gulp-cache@^0.4.2 /home/mohamed/slickr/slickr-web-app
100 verbose already installed skipping gulp-if@^2.0.0 /home/mohamed/slickr/slickr-web-app
101 verbose already installed skipping gulp-imagemin@^2.4.0 /home/mohamed/slickr/slickr-web-app
102 verbose already installed skipping gulp-sass@^2.2.0 /home/mohamed/slickr/slickr-web-app
103 verbose already installed skipping gulp-uglify@^1.5.1 /home/mohamed/slickr/slickr-web-app
104 verbose already installed skipping gulp-useref@^3.0.5 /home/mohamed/slickr/slickr-web-app
105 silly cache add args [ 'FortAwesome/Font-Awesome@*', null ]
106 verbose cache add spec FortAwesome/Font-Awesome@*
107 silly cache add parsed spec Result {
107 silly cache add   raw: 'FortAwesome/Font-Awesome@*',
107 silly cache add   scope: null,
107 silly cache add   name: null,
107 silly cache add   rawSpec: 'FortAwesome/Font-Awesome@*',
107 silly cache add   spec: '/home/mohamed/slickr/slickr-web-app/FortAwesome/Font-Awesome@*',
107 silly cache add   type: 'local' }
108 error addLocal Could not install /home/mohamed/slickr/slickr-web-app/FortAwesome/Font-Awesome@*
109 verbose stack Error: ENOENT: no such file or directory, open '/home/mohamed/slickr/slickr-web-app/FortAwesome/Font-Awesome@*'
109 verbose stack     at Error (native)
110 verbose cwd /home/mohamed/slickr/slickr-web-app
111 error Linux 3.19.0-32-generic
112 error argv "/usr/bin/nodejs" "/usr/bin/npm" "install"
113 error node v4.3.2
114 error npm  v2.14.12
115 error path /home/mohamed/slickr/slickr-web-app/FortAwesome/Font-Awesome@*
116 error code ENOENT
117 error errno -2
118 error syscall open
119 error enoent ENOENT: no such file or directory, open '/home/mohamed/slickr/slickr-web-app/FortAwesome/Font-Awesome@*'
119 error enoent This is most likely not a problem with npm itself
119 error enoent and is related to npm not being able to find a file.
120 verbose exit [ -2, true ]
